<?xml version="1.0" encoding="utf-8"?>
<shfbBuild product="Sandcastle Help File Builder" version="2014.5.31.0" projectFile="E:\FailCake\Documents\ESCOLA\EDA\eda1314-11243-12927\Documentation\Documentation.shfbproj" started="06/06/2014 04:24:52">
<buildStep step="Initializing">
Finding tools...
The Sandcastle tools are located in &#39;C:\Program Files (x86)\EWSoftware\Sandcastle Help File Builder\&#39;
Locating components in the following folder(s):
   E:\FailCake\Documents\ESCOLA\EDA\eda1314-11243-12927\Documentation
Using presentation style &#39;VS2013&#39; located in &#39;C:\Program Files (x86)\EWSoftware\Sandcastle Help File Builder\PresentationStyles\VS2013&#39;
Loading and initializing plug-ins...
Lightweight Website Style Version 2014.5.31.0
Copyright &#169; 2006-2014, Eric Woodruff, All Rights Reserved
Portions Copyright &#169; 2014, Sam Harwell, All Rights Reserved
</buildStep>
<buildStep step="ClearWorkFolder">
Clearing working folder...
</buildStep>
<buildStep step="ValidatingDocumentationSources">
Validating and copying documentation source information
Source: E:\FailCake\Documents\ESCOLA\EDA\eda1314-11243-12927\Pepino-A-Star\Pepino-A-Star\bin\Debug\Pepino-A-Star.exe
    Found assembly &#39;E:\FailCake\Documents\ESCOLA\EDA\eda1314-11243-12927\Pepino-A-Star\Pepino-A-Star\bin\Debug\Pepino-A-Star.exe&#39;
Source: E:\FailCake\Documents\ESCOLA\EDA\eda1314-11243-12927\Pepino-A-Star\Pepino-A-Star\bin\Debug\Pepino-A-Star.XML

Copying XML comments files
    E:\FailCake\Documents\ESCOLA\EDA\eda1314-11243-12927\Pepino-A-Star\Pepino-A-Star\bin\Debug\Pepino-A-Star.XML -&gt; E:\FailCake\Documents\ESCOLA\EDA\eda1314-11243-12927\Documentation\Help\Working\Pepino-A-Star.XML
</buildStep>
<buildStep step="GenerateSharedContent">
Generating shared content files (en-US, English (United States))...
<plugIn name="Lightweight Website Style" behavior="After" priority="1000">
</plugIn>    Last step completed in 00:00:00.0090
</buildStep>
<buildStep step="GenerateApiFilter">
Generating API filter for MRefBuilder...
    Last step completed in 00:00:00.0030
</buildStep>
<buildStep step="GenerateReflectionInfo">
Generating reflection information...
[C:\Windows\Microsoft.NET\Framework64\v4.0.30319\MSBuild.exe]
Build started 06/06/2014 04:24:55.
Project &quot;E:\FailCake\Documents\ESCOLA\EDA\eda1314-11243-12927\Documentation\Help\Working\GenerateRefInfo.proj&quot; on node 1 (default targets).
PrepareForBuild:
  Creating directory &quot;obj\Debug\&quot;.
GenerateRefInfo:
  MRefBuilder (v2014.5.31.0)
  Copyright &#184; 2006-2014, Microsoft Corporation, All Rights Reserved.
  Portions Copyright &#184; 2006-2014, Eric Woodruff, All Rights Reserved.
  Loaded 1 assemblies for reflection and 1 dependency assemblies.
  Wrote information on 1 namespaces, 18 types, and 78 members
  Copying file from &quot;reflection.org&quot; to &quot;reflection.all&quot;.
  XslTransform (v2014.5.31.0)
  Copyright &#184; 2006-2014, Microsoft Corporation, All Rights Reserved.
  Portions Copyright &#184; 2006-2014, Eric Woodruff, All Rights Reserved.
  Applying XSL transformation &#39;C:\Program Files (x86)\EWSoftware\Sandcastle Help File Builder\ProductionTransforms\MergeDuplicates.xsl&#39;.
Done Building Project &quot;E:\FailCake\Documents\ESCOLA\EDA\eda1314-11243-12927\Documentation\Help\Working\GenerateRefInfo.proj&quot; (default targets).

Build succeeded.

Time Elapsed 00:00:05.24
    Last step completed in 00:00:06.6978
</buildStep>
<buildStep step="TransformReflectionInfo">
Transforming reflection output...
[C:\Windows\Microsoft.NET\Framework64\v4.0.30319\MSBuild.exe]
Build started 06/06/2014 04:25:01.
Project &quot;E:\FailCake\Documents\ESCOLA\EDA\eda1314-11243-12927\Documentation\Help\Working\TransformManifest.proj&quot; on node 1 (default targets).
TransformManifest:
  XslTransform (v2014.5.31.0)
  Copyright &#184; 2006-2014, Microsoft Corporation, All Rights Reserved.
  Portions Copyright &#184; 2006-2014, Eric Woodruff, All Rights Reserved.
  Applying XSL transformation &#39;C:\Program Files (x86)\EWSoftware\Sandcastle Help File Builder\\ProductionTransforms\ApplyVSDocModel.xsl&#39;.
  Copying file from &quot;reflection.xml&quot; to &quot;reflection.nofilenames&quot;.
  XslTransform (v2014.5.31.0)
  Copyright &#184; 2006-2014, Microsoft Corporation, All Rights Reserved.
  Portions Copyright &#184; 2006-2014, Eric Woodruff, All Rights Reserved.
  Applying XSL transformation &#39;C:\Program Files (x86)\EWSoftware\Sandcastle Help File Builder\ProductionTransforms\AddFilenames.xsl&#39;.
  XslTransform (v2014.5.31.0)
  Copyright &#184; 2006-2014, Microsoft Corporation, All Rights Reserved.
  Portions Copyright &#184; 2006-2014, Eric Woodruff, All Rights Reserved.
  Applying XSL transformation &#39;C:\Program Files (x86)\EWSoftware\Sandcastle Help File Builder\ProductionTransforms\ReflectionToManifest.xsl&#39;.
Done Building Project &quot;E:\FailCake\Documents\ESCOLA\EDA\eda1314-11243-12927\Documentation\Help\Working\TransformManifest.proj&quot; (default targets).

Build succeeded.

Time Elapsed 00:00:05.41
    Last step completed in 00:00:06.9359
</buildStep>
<buildStep step="GenerateNamespaceSummaries">
Generating namespace summary information...
    Last step completed in 00:00:00.0961
</buildStep>
<buildStep step="CopyAdditionalContent">
Copying additional content files...
No additional content to copy
    Last step completed in 00:00:00.0060
</buildStep>
<buildStep step="MergeTablesOfContents">
Merging conceptual and additional tables of contents...
    Last step completed in 00:00:00.0030
</buildStep>
<buildStep step="GenerateIntermediateTableOfContents">
Generating intermediate table of contents file...
[C:\Windows\Microsoft.NET\Framework64\v4.0.30319\MSBuild.exe]
Build started 06/06/2014 04:25:08.
Project &quot;E:\FailCake\Documents\ESCOLA\EDA\eda1314-11243-12927\Documentation\Help\Working\GenerateIntermediateTOC.proj&quot; on node 1 (default targets).
GenerateIntermediateTOC:
  XslTransform (v2014.5.31.0)
  Copyright &#184; 2006-2014, Microsoft Corporation, All Rights Reserved.
  Portions Copyright &#184; 2006-2014, Eric Woodruff, All Rights Reserved.
  Applying XSL transformation &#39;C:\Program Files (x86)\EWSoftware\Sandcastle Help File Builder\\ProductionTransforms\CreateVSToc.xsl&#39;.
Done Building Project &quot;E:\FailCake\Documents\ESCOLA\EDA\eda1314-11243-12927\Documentation\Help\Working\GenerateIntermediateTOC.proj&quot; (default targets).

Build succeeded.

Time Elapsed 00:00:03.13
Generating conceptual content intermediate TOC file...
    Last step completed in 00:00:04.3899
</buildStep>
<buildStep step="CreateBuildAssemblerConfigs">
Creating Sandcastle configuration files...
    sandcastle.config
    Last step completed in 00:00:00.8463
</buildStep>
<buildStep step="MergeCustomConfigs">
Merging custom build component configurations
E:\FailCake\Documents\ESCOLA\EDA\eda1314-11243-12927\Documentation\Help\Working\sandcastle.config
    Last step completed in 00:00:00.0871
</buildStep>
<buildStep step="BuildReferenceTopics">
Building reference help topics...
[C:\Windows\Microsoft.NET\Framework64\v4.0.30319\MSBuild.exe]
Build started 06/06/2014 04:25:14.
Project &quot;E:\FailCake\Documents\ESCOLA\EDA\eda1314-11243-12927\Documentation\Help\Working\BuildReferenceTopics.proj&quot; on node 1 (default targets).
BuildReferenceTopics:
  BuildAssembler (v2014.5.31.0)
  Copyright &#184; 2006-2014, Microsoft Corporation, All Rights Reserved.
  Portions Copyright &#184; 2006-2014, Eric Woodruff, All Rights Reserved.
  Loading configuration...
  ResolveReferenceLinksComponent: The MSDN content ID cache &#39;C:\Users\FailCake\AppData\Local\EWSoftware\Sandcastle Help File Builder\Cache\MsdnContentId.cache&#39; does not exist yet.  All IDs will be looked up in this build which will slow it down.
  Processing topics...
BuildAssembler : warning : ShowMissingComponent: [N:Pepino_A_Star] Missing &lt;summary&gt; documentation [E:\FailCake\Documents\ESCOLA\EDA\eda1314-11243-12927\Documentation\Help\Working\BuildReferenceTopics.proj]
BuildAssembler : warning : ResolveReferenceLinksComponent: [T:Pepino_A_Star.AStarPathFinder] MSDN web service failed.  No further look ups will be performed for this build. [E:\FailCake\Documents\ESCOLA\EDA\eda1314-11243-12927\Documentation\Help\Working\BuildReferenceTopics.proj]
BuildAssembler : warning : Reason: An error has occurred while processing this request. Details have been logged and operational staff have been notified. [E:\FailCake\Documents\ESCOLA\EDA\eda1314-11243-12927\Documentation\Help\Working\BuildReferenceTopics.proj]
BuildAssembler : warning : ShowMissingComponent: [M:Pepino_A_Star.AStarPathFinder.CalculateCost(System.Byte)] Missing &lt;returns&gt; documentation [E:\FailCake\Documents\ESCOLA\EDA\eda1314-11243-12927\Documentation\Help\Working\BuildReferenceTopics.proj]
BuildAssembler : warning : ShowMissingComponent: [M:Pepino_A_Star.AStarPathFinder.Euclidean(Pepino_A_Star.Node,Pepino_A_Star.Node)] Missing &lt;returns&gt; documentation [E:\FailCake\Documents\ESCOLA\EDA\eda1314-11243-12927\Documentation\Help\Working\BuildReferenceTopics.proj]
BuildAssembler : warning : ShowMissingComponent: [M:Pepino_A_Star.AStarPathFinder.Get1DVector(System.Int32,System.Int32)] Missing &lt;param name=&quot;x&quot;/&gt; documentation [E:\FailCake\Documents\ESCOLA\EDA\eda1314-11243-12927\Documentation\Help\Working\BuildReferenceTopics.proj]
BuildAssembler : warning : ShowMissingComponent: [M:Pepino_A_Star.AStarPathFinder.Get1DVector(System.Int32,System.Int32)] Missing &lt;param name=&quot;y&quot;/&gt; documentation [E:\FailCake\Documents\ESCOLA\EDA\eda1314-11243-12927\Documentation\Help\Working\BuildReferenceTopics.proj]
BuildAssembler : warning : ShowMissingComponent: [M:Pepino_A_Star.AStarPathFinder.GetPGMData(System.Int32,System.Int32)] Missing &lt;param name=&quot;x&quot;/&gt; documentation [E:\FailCake\Documents\ESCOLA\EDA\eda1314-11243-12927\Documentation\Help\Working\BuildReferenceTopics.proj]
BuildAssembler : warning : ShowMissingComponent: [M:Pepino_A_Star.AStarPathFinder.GetPGMData(System.Int32,System.Int32)] Missing &lt;param name=&quot;y&quot;/&gt; documentation [E:\FailCake\Documents\ESCOLA\EDA\eda1314-11243-12927\Documentation\Help\Working\BuildReferenceTopics.proj]
BuildAssembler : warning : ShowMissingComponent: [M:Pepino_A_Star.AStarPathFinder.IsOutsidePicture(Pepino_A_Star.Vector2)] Missing &lt;returns&gt; documentation [E:\FailCake\Documents\ESCOLA\EDA\eda1314-11243-12927\Documentation\Help\Working\BuildReferenceTopics.proj]
BuildAssembler : warning : ShowMissingComponent: [M:Pepino_A_Star.AStarPathFinder.ManhattenH(Pepino_A_Star.Node,Pepino_A_Star.Node)] Missing &lt;returns&gt; documentation [E:\FailCake\Documents\ESCOLA\EDA\eda1314-11243-12927\Documentation\Help\Working\BuildReferenceTopics.proj]
BuildAssembler : warning : ShowMissingComponent: [F:Pepino_A_Star.GlobalStuff._drawNeigbor] Missing &lt;summary&gt; documentation [E:\FailCake\Documents\ESCOLA\EDA\eda1314-11243-12927\Documentation\Help\Working\BuildReferenceTopics.proj]
BuildAssembler : warning : ShowMissingComponent: [F:Pepino_A_Star.GlobalStuff._heuristicMODE] Missing &lt;summary&gt; documentation [E:\FailCake\Documents\ESCOLA\EDA\eda1314-11243-12927\Documentation\Help\Working\BuildReferenceTopics.proj]
BuildAssembler : warning : ShowMissingComponent: [F:Pepino_A_Star.GlobalStuff._loadMenu] Missing &lt;summary&gt; documentation [E:\FailCake\Documents\ESCOLA\EDA\eda1314-11243-12927\Documentation\Help\Working\BuildReferenceTopics.proj]
BuildAssembler : warning : ShowMissingComponent: [F:Pepino_A_Star.GlobalStuff._mediaExperimental] Missing &lt;summary&gt; documentation [E:\FailCake\Documents\ESCOLA\EDA\eda1314-11243-12927\Documentation\Help\Working\BuildReferenceTopics.proj]
BuildAssembler : warning : ShowMissingComponent: [F:Pepino_A_Star.GlobalStuff._OriginalImage] Missing &lt;summary&gt; documentation [E:\FailCake\Documents\ESCOLA\EDA\eda1314-11243-12927\Documentation\Help\Working\BuildReferenceTopics.proj]
BuildAssembler : warning : ShowMissingComponent: [F:Pepino_A_Star.GlobalStuff._OverlayImage] Missing &lt;summary&gt; documentation [E:\FailCake\Documents\ESCOLA\EDA\eda1314-11243-12927\Documentation\Help\Working\BuildReferenceTopics.proj]
BuildAssembler : warning : ShowMissingComponent: [F:Pepino_A_Star.GlobalStuff._panelSettings] Missing &lt;summary&gt; documentation [E:\FailCake\Documents\ESCOLA\EDA\eda1314-11243-12927\Documentation\Help\Working\BuildReferenceTopics.proj]
BuildAssembler : warning : ShowMissingComponent: [F:Pepino_A_Star.GlobalStuff._pathColor] Missing &lt;summary&gt; documentation [E:\FailCake\Documents\ESCOLA\EDA\eda1314-11243-12927\Documentation\Help\Working\BuildReferenceTopics.proj]
BuildAssembler : warning : ShowMissingComponent: [F:Pepino_A_Star.GlobalStuff._pathMenu] Missing &lt;summary&gt; documentation [E:\FailCake\Documents\ESCOLA\EDA\eda1314-11243-12927\Documentation\Help\Working\BuildReferenceTopics.proj]
BuildAssembler : warning : ShowMissingComponent: [F:Pepino_A_Star.GlobalStuff._pgmData] Missing &lt;summary&gt; documentation [E:\FailCake\Documents\ESCOLA\EDA\eda1314-11243-12927\Documentation\Help\Working\BuildReferenceTopics.proj]
BuildAssembler : warning : ShowMissingComponent: [F:Pepino_A_Star.GlobalStuff._timeMenu] Missing &lt;summary&gt; documentation [E:\FailCake\Documents\ESCOLA\EDA\eda1314-11243-12927\Documentation\Help\Working\BuildReferenceTopics.proj]
BuildAssembler : warning : ShowMissingComponent: [F:Pepino_A_Star.GlobalStuff.Height] Missing &lt;summary&gt; documentation [E:\FailCake\Documents\ESCOLA\EDA\eda1314-11243-12927\Documentation\Help\Working\BuildReferenceTopics.proj]
BuildAssembler : warning : ShowMissingComponent: [F:Pepino_A_Star.GlobalStuff.IsImageLoaded] Missing &lt;summary&gt; documentation [E:\FailCake\Documents\ESCOLA\EDA\eda1314-11243-12927\Documentation\Help\Working\BuildReferenceTopics.proj]
BuildAssembler : warning : ShowMissingComponent: [F:Pepino_A_Star.GlobalStuff.Width] Missing &lt;summary&gt; documentation [E:\FailCake\Documents\ESCOLA\EDA\eda1314-11243-12927\Documentation\Help\Working\BuildReferenceTopics.proj]
BuildAssembler : warning : ShowMissingComponent: [F:Pepino_A_Star.Node._cost] Missing &lt;summary&gt; documentation [E:\FailCake\Documents\ESCOLA\EDA\eda1314-11243-12927\Documentation\Help\Working\BuildReferenceTopics.proj]
BuildAssembler : warning : ShowMissingComponent: [F:Pepino_A_Star.Node._heuristic] Missing &lt;summary&gt; documentation [E:\FailCake\Documents\ESCOLA\EDA\eda1314-11243-12927\Documentation\Help\Working\BuildReferenceTopics.proj]
BuildAssembler : warning : ShowMissingComponent: [F:Pepino_A_Star.Node._neightbors] Missing &lt;summary&gt; documentation [E:\FailCake\Documents\ESCOLA\EDA\eda1314-11243-12927\Documentation\Help\Working\BuildReferenceTopics.proj]
BuildAssembler : warning : ShowMissingComponent: [F:Pepino_A_Star.Node._parent] Missing &lt;summary&gt; documentation [E:\FailCake\Documents\ESCOLA\EDA\eda1314-11243-12927\Documentation\Help\Working\BuildReferenceTopics.proj]
BuildAssembler : warning : ShowMissingComponent: [F:Pepino_A_Star.Node._pos] Missing &lt;summary&gt; documentation [E:\FailCake\Documents\ESCOLA\EDA\eda1314-11243-12927\Documentation\Help\Working\BuildReferenceTopics.proj]
BuildAssembler : warning : ShowMissingComponent: [F:Pepino_A_Star.Node._total] Missing &lt;summary&gt; documentation [E:\FailCake\Documents\ESCOLA\EDA\eda1314-11243-12927\Documentation\Help\Working\BuildReferenceTopics.proj]
BuildAssembler : warning : ShowMissingComponent: [F:Pepino_A_Star.PathFinderMenu._PathfinderThrd] Missing &lt;summary&gt; documentation [E:\FailCake\Documents\ESCOLA\EDA\eda1314-11243-12927\Documentation\Help\Working\BuildReferenceTopics.proj]
BuildAssembler : warning : ShowMissingComponent: [M:Pepino_A_Star.PathFinderMenu.FindPath(System.Object)] Missing &lt;param name=&quot;obj&quot;/&gt; documentation [E:\FailCake\Documents\ESCOLA\EDA\eda1314-11243-12927\Documentation\Help\Working\BuildReferenceTopics.proj]
BuildAssembler : warning : ShowMissingComponent: [M:Pepino_A_Star.PathFinderMenu.SetImagePreview(System.Drawing.Bitmap)] Missing &lt;param name=&quot;img&quot;/&gt; documentation [E:\FailCake\Documents\ESCOLA\EDA\eda1314-11243-12927\Documentation\Help\Working\BuildReferenceTopics.proj]
BuildAssembler : warning : ShowMissingComponent: [M:Pepino_A_Star.PathFinderMenu.SetText(System.String)] Missing &lt;param name=&quot;text&quot;/&gt; documentation [E:\FailCake\Documents\ESCOLA\EDA\eda1314-11243-12927\Documentation\Help\Working\BuildReferenceTopics.proj]
BuildAssembler : warning : ShowMissingComponent: [F:Pepino_A_Star.PathFinderMenu.ToggleClock] Missing &lt;summary&gt; documentation [E:\FailCake\Documents\ESCOLA\EDA\eda1314-11243-12927\Documentation\Help\Working\BuildReferenceTopics.proj]
BuildAssembler : warning : ShowMissingComponent: [F:Pepino_A_Star.PathFinderMenu.ToggleMenu] Missing &lt;summary&gt; documentation [E:\FailCake\Documents\ESCOLA\EDA\eda1314-11243-12927\Documentation\Help\Working\BuildReferenceTopics.proj]
BuildAssembler : warning : ShowMissingComponent: [T:Pepino_A_Star.PathFinderMenu.FinishPath] Missing &lt;summary&gt; documentation [E:\FailCake\Documents\ESCOLA\EDA\eda1314-11243-12927\Documentation\Help\Working\BuildReferenceTopics.proj]
BuildAssembler : warning : ShowMissingComponent: [T:Pepino_A_Star.PathFinderMenu.SetImageHandler] Missing &lt;summary&gt; documentation [E:\FailCake\Documents\ESCOLA\EDA\eda1314-11243-12927\Documentation\Help\Working\BuildReferenceTopics.proj]
BuildAssembler : warning : ShowMissingComponent: [T:Pepino_A_Star.PathFinderMenu.SetTextHandler] Missing &lt;summary&gt; documentation [E:\FailCake\Documents\ESCOLA\EDA\eda1314-11243-12927\Documentation\Help\Working\BuildReferenceTopics.proj]
BuildAssembler : warning : ShowMissingComponent: [F:Pepino_A_Star.PathSettings.AnimPos] Missing &lt;summary&gt; documentation [E:\FailCake\Documents\ESCOLA\EDA\eda1314-11243-12927\Documentation\Help\Working\BuildReferenceTopics.proj]
BuildAssembler : warning : ShowMissingComponent: [F:Pepino_A_Star.PathSettings.CHeurisitc] Missing &lt;summary&gt; documentation [E:\FailCake\Documents\ESCOLA\EDA\eda1314-11243-12927\Documentation\Help\Working\BuildReferenceTopics.proj]
BuildAssembler : warning : ShowMissingComponent: [F:Pepino_A_Star.PathSettings.TXEnd] Missing &lt;summary&gt; documentation [E:\FailCake\Documents\ESCOLA\EDA\eda1314-11243-12927\Documentation\Help\Working\BuildReferenceTopics.proj]
BuildAssembler : warning : ShowMissingComponent: [F:Pepino_A_Star.PathSettings.TXStart] Missing &lt;summary&gt; documentation [E:\FailCake\Documents\ESCOLA\EDA\eda1314-11243-12927\Documentation\Help\Working\BuildReferenceTopics.proj]
BuildAssembler : warning : ShowMissingComponent: [F:Pepino_A_Star.PathSettings.TYEnd] Missing &lt;summary&gt; documentation [E:\FailCake\Documents\ESCOLA\EDA\eda1314-11243-12927\Documentation\Help\Working\BuildReferenceTopics.proj]
BuildAssembler : warning : ShowMissingComponent: [F:Pepino_A_Star.PathSettings.TYStart] Missing &lt;summary&gt; documentation [E:\FailCake\Documents\ESCOLA\EDA\eda1314-11243-12927\Documentation\Help\Working\BuildReferenceTopics.proj]
BuildAssembler : warning : ShowMissingComponent: [F:Pepino_A_Star.PathTime.AnimPos] Missing &lt;summary&gt; documentation [E:\FailCake\Documents\ESCOLA\EDA\eda1314-11243-12927\Documentation\Help\Working\BuildReferenceTopics.proj]
BuildAssembler : warning : ShowMissingComponent: [F:Pepino_A_Star.PathTime.ListNodeTime] Missing &lt;summary&gt; documentation [E:\FailCake\Documents\ESCOLA\EDA\eda1314-11243-12927\Documentation\Help\Working\BuildReferenceTopics.proj]
BuildAssembler : warning : ShowMissingComponent: [T:Pepino_A_Star.PathTime.AddNodeList] Missing &lt;summary&gt; documentation [E:\FailCake\Documents\ESCOLA\EDA\eda1314-11243-12927\Documentation\Help\Working\BuildReferenceTopics.proj]
BuildAssembler : warning : ShowMissingComponent: [T:Pepino_A_Star.PathTime.AddTimeChart] Missing &lt;summary&gt; documentation [E:\FailCake\Documents\ESCOLA\EDA\eda1314-11243-12927\Documentation\Help\Working\BuildReferenceTopics.proj]
BuildAssembler : warning : ShowMissingComponent: [T:Pepino_A_Star.PathTime.ClearList] Missing &lt;summary&gt; documentation [E:\FailCake\Documents\ESCOLA\EDA\eda1314-11243-12927\Documentation\Help\Working\BuildReferenceTopics.proj]
BuildAssembler : warning : ShowMissingComponent: [F:Pepino_A_Star.PGMExtremeLoader._loadThread] Missing &lt;summary&gt; documentation [E:\FailCake\Documents\ESCOLA\EDA\eda1314-11243-12927\Documentation\Help\Working\BuildReferenceTopics.proj]
BuildAssembler : warning : ShowMissingComponent: [M:Pepino_A_Star.PGMExtremeLoader.SetProgress(System.Int32)] Missing &lt;param name=&quot;pVal&quot;/&gt; documentation [E:\FailCake\Documents\ESCOLA\EDA\eda1314-11243-12927\Documentation\Help\Working\BuildReferenceTopics.proj]
BuildAssembler : warning : ShowMissingComponent: [M:Pepino_A_Star.PGMExtremeLoader.SetText(System.String)] Missing &lt;param name=&quot;text&quot;/&gt; documentation [E:\FailCake\Documents\ESCOLA\EDA\eda1314-11243-12927\Documentation\Help\Working\BuildReferenceTopics.proj]
BuildAssembler : warning : ShowMissingComponent: [T:Pepino_A_Star.PGMExtremeLoader.SetContinueProgram] Missing &lt;summary&gt; documentation [E:\FailCake\Documents\ESCOLA\EDA\eda1314-11243-12927\Documentation\Help\Working\BuildReferenceTopics.proj]
BuildAssembler : warning : ShowMissingComponent: [T:Pepino_A_Star.PGMExtremeLoader.SetProgressHandler] Missing &lt;summary&gt; documentation [E:\FailCake\Documents\ESCOLA\EDA\eda1314-11243-12927\Documentation\Help\Working\BuildReferenceTopics.proj]
BuildAssembler : warning : ShowMissingComponent: [T:Pepino_A_Star.PGMExtremeLoader.SetTextHandler] Missing &lt;summary&gt; documentation [E:\FailCake\Documents\ESCOLA\EDA\eda1314-11243-12927\Documentation\Help\Working\BuildReferenceTopics.proj]
BuildAssembler : warning : ShowMissingComponent: [F:Pepino_A_Star.Vector2.X] Missing &lt;summary&gt; documentation [E:\FailCake\Documents\ESCOLA\EDA\eda1314-11243-12927\Documentation\Help\Working\BuildReferenceTopics.proj]
BuildAssembler : warning : ShowMissingComponent: [F:Pepino_A_Star.Vector2.Y] Missing &lt;summary&gt; documentation [E:\FailCake\Documents\ESCOLA\EDA\eda1314-11243-12927\Documentation\Help\Working\BuildReferenceTopics.proj]
  Processed 125 topic(s)
  58 warning(s)
  CopyFromIndexComponent: &quot;reflection&quot; in-memory cache entries used: 6 of 15.
  CopyFromIndexComponent: &quot;comments&quot; in-memory cache entries used: 4 of 30.
Done Building Project &quot;E:\FailCake\Documents\ESCOLA\EDA\eda1314-11243-12927\Documentation\Help\Working\BuildReferenceTopics.proj&quot; (default targets).

Build succeeded.

Time Elapsed 00:00:53.54
    Last step completed in 00:00:54.9096
</buildStep>
<buildStep step="CombiningIntermediateTocFiles">
Combining conceptual and API intermediate TOC files...

Clearing any prior web output
    Last step completed in 00:00:00.0100
</buildStep>
<buildStep step="ExtractingHtmlInfo">
Extracting HTML info for HTML Help 1 and/or website...
[C:\Windows\Microsoft.NET\Framework64\v4.0.30319\MSBuild.exe]
Sandcastle Help File Builder, version 2014.5.31.0
Copyright &#184; 2006-2014, Eric Woodruff, All Rights Reserved
E-Mail: Eric@EWoodruff.us

Using LCID &#39;1033&#39;, code page &#39;65001&#39;, encoding charset &#39;UTF-8&#39;.

Processing website files in E:\FailCake\Documents\ESCOLA\EDA\eda1314-11243-12927\Documentation\Help\Working\Output\Website
Processed 125 HTML files
Sorting keywords and generating See Also indices
Saving website keyword index to E:\FailCake\Documents\ESCOLA\EDA\eda1314-11243-12927\Documentation\Help\Working\WebKI.xml
Saving website table of contents to E:\FailCake\Documents\ESCOLA\EDA\eda1314-11243-12927\Documentation\Help\Working\WebTOC.xml
    Last step completed in 00:00:04.5982
</buildStep>
<buildStep step="CopyStandardHelpContent">
Copying standard help content...
C:\Program Files (x86)\EWSoftware\Sandcastle Help File Builder\PresentationStyles\VS2013\icons\AlertCaution.png -&gt; E:\FailCake\Documents\ESCOLA\EDA\eda1314-11243-12927\Documentation\Help\Working\Output\Website\icons\AlertCaution.png
C:\Program Files (x86)\EWSoftware\Sandcastle Help File Builder\PresentationStyles\VS2013\icons\AlertNote.png -&gt; E:\FailCake\Documents\ESCOLA\EDA\eda1314-11243-12927\Documentation\Help\Working\Output\Website\icons\AlertNote.png
C:\Program Files (x86)\EWSoftware\Sandcastle Help File Builder\PresentationStyles\VS2013\icons\AlertSecurity.png -&gt; E:\FailCake\Documents\ESCOLA\EDA\eda1314-11243-12927\Documentation\Help\Working\Output\Website\icons\AlertSecurity.png
C:\Program Files (x86)\EWSoftware\Sandcastle Help File Builder\PresentationStyles\VS2013\icons\CFW.gif -&gt; E:\FailCake\Documents\ESCOLA\EDA\eda1314-11243-12927\Documentation\Help\Working\Output\Website\icons\CFW.gif
C:\Program Files (x86)\EWSoftware\Sandcastle Help File Builder\PresentationStyles\VS2013\icons\CodeExample.png -&gt; E:\FailCake\Documents\ESCOLA\EDA\eda1314-11243-12927\Documentation\Help\Working\Output\Website\icons\CodeExample.png
C:\Program Files (x86)\EWSoftware\Sandcastle Help File Builder\PresentationStyles\VS2013\icons\favicon.ico -&gt; E:\FailCake\Documents\ESCOLA\EDA\eda1314-11243-12927\Documentation\Help\Working\Output\Website\icons\favicon.ico
C:\Program Files (x86)\EWSoftware\Sandcastle Help File Builder\PresentationStyles\VS2013\icons\privclass.gif -&gt; E:\FailCake\Documents\ESCOLA\EDA\eda1314-11243-12927\Documentation\Help\Working\Output\Website\icons\privclass.gif
C:\Program Files (x86)\EWSoftware\Sandcastle Help File Builder\PresentationStyles\VS2013\icons\privdelegate.gif -&gt; E:\FailCake\Documents\ESCOLA\EDA\eda1314-11243-12927\Documentation\Help\Working\Output\Website\icons\privdelegate.gif
C:\Program Files (x86)\EWSoftware\Sandcastle Help File Builder\PresentationStyles\VS2013\icons\privenumeration.gif -&gt; E:\FailCake\Documents\ESCOLA\EDA\eda1314-11243-12927\Documentation\Help\Working\Output\Website\icons\privenumeration.gif
C:\Program Files (x86)\EWSoftware\Sandcastle Help File Builder\PresentationStyles\VS2013\icons\privevent.gif -&gt; E:\FailCake\Documents\ESCOLA\EDA\eda1314-11243-12927\Documentation\Help\Working\Output\Website\icons\privevent.gif
C:\Program Files (x86)\EWSoftware\Sandcastle Help File Builder\PresentationStyles\VS2013\icons\privextension.gif -&gt; E:\FailCake\Documents\ESCOLA\EDA\eda1314-11243-12927\Documentation\Help\Working\Output\Website\icons\privextension.gif
C:\Program Files (x86)\EWSoftware\Sandcastle Help File Builder\PresentationStyles\VS2013\icons\privfield.gif -&gt; E:\FailCake\Documents\ESCOLA\EDA\eda1314-11243-12927\Documentation\Help\Working\Output\Website\icons\privfield.gif
C:\Program Files (x86)\EWSoftware\Sandcastle Help File Builder\PresentationStyles\VS2013\icons\privinterface.gif -&gt; E:\FailCake\Documents\ESCOLA\EDA\eda1314-11243-12927\Documentation\Help\Working\Output\Website\icons\privinterface.gif
C:\Program Files (x86)\EWSoftware\Sandcastle Help File Builder\PresentationStyles\VS2013\icons\privmethod.gif -&gt; E:\FailCake\Documents\ESCOLA\EDA\eda1314-11243-12927\Documentation\Help\Working\Output\Website\icons\privmethod.gif
C:\Program Files (x86)\EWSoftware\Sandcastle Help File Builder\PresentationStyles\VS2013\icons\privproperty.gif -&gt; E:\FailCake\Documents\ESCOLA\EDA\eda1314-11243-12927\Documentation\Help\Working\Output\Website\icons\privproperty.gif
C:\Program Files (x86)\EWSoftware\Sandcastle Help File Builder\PresentationStyles\VS2013\icons\privstructure.gif -&gt; E:\FailCake\Documents\ESCOLA\EDA\eda1314-11243-12927\Documentation\Help\Working\Output\Website\icons\privstructure.gif
C:\Program Files (x86)\EWSoftware\Sandcastle Help File Builder\PresentationStyles\VS2013\icons\protclass.gif -&gt; E:\FailCake\Documents\ESCOLA\EDA\eda1314-11243-12927\Documentation\Help\Working\Output\Website\icons\protclass.gif
C:\Program Files (x86)\EWSoftware\Sandcastle Help File Builder\PresentationStyles\VS2013\icons\protdelegate.gif -&gt; E:\FailCake\Documents\ESCOLA\EDA\eda1314-11243-12927\Documentation\Help\Working\Output\Website\icons\protdelegate.gif
C:\Program Files (x86)\EWSoftware\Sandcastle Help File Builder\PresentationStyles\VS2013\icons\protenumeration.gif -&gt; E:\FailCake\Documents\ESCOLA\EDA\eda1314-11243-12927\Documentation\Help\Working\Output\Website\icons\protenumeration.gif
C:\Program Files (x86)\EWSoftware\Sandcastle Help File Builder\PresentationStyles\VS2013\icons\protevent.gif -&gt; E:\FailCake\Documents\ESCOLA\EDA\eda1314-11243-12927\Documentation\Help\Working\Output\Website\icons\protevent.gif
C:\Program Files (x86)\EWSoftware\Sandcastle Help File Builder\PresentationStyles\VS2013\icons\protextension.gif -&gt; E:\FailCake\Documents\ESCOLA\EDA\eda1314-11243-12927\Documentation\Help\Working\Output\Website\icons\protextension.gif
C:\Program Files (x86)\EWSoftware\Sandcastle Help File Builder\PresentationStyles\VS2013\icons\protfield.gif -&gt; E:\FailCake\Documents\ESCOLA\EDA\eda1314-11243-12927\Documentation\Help\Working\Output\Website\icons\protfield.gif
C:\Program Files (x86)\EWSoftware\Sandcastle Help File Builder\PresentationStyles\VS2013\icons\protinterface.gif -&gt; E:\FailCake\Documents\ESCOLA\EDA\eda1314-11243-12927\Documentation\Help\Working\Output\Website\icons\protinterface.gif
C:\Program Files (x86)\EWSoftware\Sandcastle Help File Builder\PresentationStyles\VS2013\icons\protmethod.gif -&gt; E:\FailCake\Documents\ESCOLA\EDA\eda1314-11243-12927\Documentation\Help\Working\Output\Website\icons\protmethod.gif
C:\Program Files (x86)\EWSoftware\Sandcastle Help File Builder\PresentationStyles\VS2013\icons\protoperator.gif -&gt; E:\FailCake\Documents\ESCOLA\EDA\eda1314-11243-12927\Documentation\Help\Working\Output\Website\icons\protoperator.gif
C:\Program Files (x86)\EWSoftware\Sandcastle Help File Builder\PresentationStyles\VS2013\icons\protproperty.gif -&gt; E:\FailCake\Documents\ESCOLA\EDA\eda1314-11243-12927\Documentation\Help\Working\Output\Website\icons\protproperty.gif
C:\Program Files (x86)\EWSoftware\Sandcastle Help File Builder\PresentationStyles\VS2013\icons\protstructure.gif -&gt; E:\FailCake\Documents\ESCOLA\EDA\eda1314-11243-12927\Documentation\Help\Working\Output\Website\icons\protstructure.gif
C:\Program Files (x86)\EWSoftware\Sandcastle Help File Builder\PresentationStyles\VS2013\icons\pubclass.gif -&gt; E:\FailCake\Documents\ESCOLA\EDA\eda1314-11243-12927\Documentation\Help\Working\Output\Website\icons\pubclass.gif
C:\Program Files (x86)\EWSoftware\Sandcastle Help File Builder\PresentationStyles\VS2013\icons\pubdelegate.gif -&gt; E:\FailCake\Documents\ESCOLA\EDA\eda1314-11243-12927\Documentation\Help\Working\Output\Website\icons\pubdelegate.gif
C:\Program Files (x86)\EWSoftware\Sandcastle Help File Builder\PresentationStyles\VS2013\icons\pubenumeration.gif -&gt; E:\FailCake\Documents\ESCOLA\EDA\eda1314-11243-12927\Documentation\Help\Working\Output\Website\icons\pubenumeration.gif
C:\Program Files (x86)\EWSoftware\Sandcastle Help File Builder\PresentationStyles\VS2013\icons\pubevent.gif -&gt; E:\FailCake\Documents\ESCOLA\EDA\eda1314-11243-12927\Documentation\Help\Working\Output\Website\icons\pubevent.gif
C:\Program Files (x86)\EWSoftware\Sandcastle Help File Builder\PresentationStyles\VS2013\icons\pubextension.gif -&gt; E:\FailCake\Documents\ESCOLA\EDA\eda1314-11243-12927\Documentation\Help\Working\Output\Website\icons\pubextension.gif
C:\Program Files (x86)\EWSoftware\Sandcastle Help File Builder\PresentationStyles\VS2013\icons\pubfield.gif -&gt; E:\FailCake\Documents\ESCOLA\EDA\eda1314-11243-12927\Documentation\Help\Working\Output\Website\icons\pubfield.gif
C:\Program Files (x86)\EWSoftware\Sandcastle Help File Builder\PresentationStyles\VS2013\icons\pubinterface.gif -&gt; E:\FailCake\Documents\ESCOLA\EDA\eda1314-11243-12927\Documentation\Help\Working\Output\Website\icons\pubinterface.gif
C:\Program Files (x86)\EWSoftware\Sandcastle Help File Builder\PresentationStyles\VS2013\icons\pubmethod.gif -&gt; E:\FailCake\Documents\ESCOLA\EDA\eda1314-11243-12927\Documentation\Help\Working\Output\Website\icons\pubmethod.gif
C:\Program Files (x86)\EWSoftware\Sandcastle Help File Builder\PresentationStyles\VS2013\icons\puboperator.gif -&gt; E:\FailCake\Documents\ESCOLA\EDA\eda1314-11243-12927\Documentation\Help\Working\Output\Website\icons\puboperator.gif
C:\Program Files (x86)\EWSoftware\Sandcastle Help File Builder\PresentationStyles\VS2013\icons\pubproperty.gif -&gt; E:\FailCake\Documents\ESCOLA\EDA\eda1314-11243-12927\Documentation\Help\Working\Output\Website\icons\pubproperty.gif
C:\Program Files (x86)\EWSoftware\Sandcastle Help File Builder\PresentationStyles\VS2013\icons\pubstructure.gif -&gt; E:\FailCake\Documents\ESCOLA\EDA\eda1314-11243-12927\Documentation\Help\Working\Output\Website\icons\pubstructure.gif
C:\Program Files (x86)\EWSoftware\Sandcastle Help File Builder\PresentationStyles\VS2013\icons\SectionCollapsed.png -&gt; E:\FailCake\Documents\ESCOLA\EDA\eda1314-11243-12927\Documentation\Help\Working\Output\Website\icons\SectionCollapsed.png
C:\Program Files (x86)\EWSoftware\Sandcastle Help File Builder\PresentationStyles\VS2013\icons\SectionExpanded.png -&gt; E:\FailCake\Documents\ESCOLA\EDA\eda1314-11243-12927\Documentation\Help\Working\Output\Website\icons\SectionExpanded.png
C:\Program Files (x86)\EWSoftware\Sandcastle Help File Builder\PresentationStyles\VS2013\icons\slMobile.gif -&gt; E:\FailCake\Documents\ESCOLA\EDA\eda1314-11243-12927\Documentation\Help\Working\Output\Website\icons\slMobile.gif
C:\Program Files (x86)\EWSoftware\Sandcastle Help File Builder\PresentationStyles\VS2013\icons\static.gif -&gt; E:\FailCake\Documents\ESCOLA\EDA\eda1314-11243-12927\Documentation\Help\Working\Output\Website\icons\static.gif
C:\Program Files (x86)\EWSoftware\Sandcastle Help File Builder\PresentationStyles\VS2013\icons\xna.gif -&gt; E:\FailCake\Documents\ESCOLA\EDA\eda1314-11243-12927\Documentation\Help\Working\Output\Website\icons\xna.gif
C:\Program Files (x86)\EWSoftware\Sandcastle Help File Builder\PresentationStyles\VS2013\scripts\branding.js -&gt; E:\FailCake\Documents\ESCOLA\EDA\eda1314-11243-12927\Documentation\Help\Working\Output\Website\scripts\branding.js
C:\Program Files (x86)\EWSoftware\Sandcastle Help File Builder\PresentationStyles\VS2013\styles\branding-cs-CZ.css -&gt; E:\FailCake\Documents\ESCOLA\EDA\eda1314-11243-12927\Documentation\Help\Working\Output\Website\styles\branding-cs-CZ.css
C:\Program Files (x86)\EWSoftware\Sandcastle Help File Builder\PresentationStyles\VS2013\styles\branding-de-DE.css -&gt; E:\FailCake\Documents\ESCOLA\EDA\eda1314-11243-12927\Documentation\Help\Working\Output\Website\styles\branding-de-DE.css
C:\Program Files (x86)\EWSoftware\Sandcastle Help File Builder\PresentationStyles\VS2013\styles\branding-en-US.css -&gt; E:\FailCake\Documents\ESCOLA\EDA\eda1314-11243-12927\Documentation\Help\Working\Output\Website\styles\branding-en-US.css
C:\Program Files (x86)\EWSoftware\Sandcastle Help File Builder\PresentationStyles\VS2013\styles\branding-es-ES.css -&gt; E:\FailCake\Documents\ESCOLA\EDA\eda1314-11243-12927\Documentation\Help\Working\Output\Website\styles\branding-es-ES.css
C:\Program Files (x86)\EWSoftware\Sandcastle Help File Builder\PresentationStyles\VS2013\styles\branding-fr-FR.css -&gt; E:\FailCake\Documents\ESCOLA\EDA\eda1314-11243-12927\Documentation\Help\Working\Output\Website\styles\branding-fr-FR.css
C:\Program Files (x86)\EWSoftware\Sandcastle Help File Builder\PresentationStyles\VS2013\styles\branding-Help1.css -&gt; E:\FailCake\Documents\ESCOLA\EDA\eda1314-11243-12927\Documentation\Help\Working\Output\Website\styles\branding-Help1.css
C:\Program Files (x86)\EWSoftware\Sandcastle Help File Builder\PresentationStyles\VS2013\styles\branding-Help2.css -&gt; E:\FailCake\Documents\ESCOLA\EDA\eda1314-11243-12927\Documentation\Help\Working\Output\Website\styles\branding-Help2.css
C:\Program Files (x86)\EWSoftware\Sandcastle Help File Builder\PresentationStyles\VS2013\styles\branding-HelpViewer.css -&gt; E:\FailCake\Documents\ESCOLA\EDA\eda1314-11243-12927\Documentation\Help\Working\Output\Website\styles\branding-HelpViewer.css
C:\Program Files (x86)\EWSoftware\Sandcastle Help File Builder\PresentationStyles\VS2013\styles\branding-it-IT.css -&gt; E:\FailCake\Documents\ESCOLA\EDA\eda1314-11243-12927\Documentation\Help\Working\Output\Website\styles\branding-it-IT.css
C:\Program Files (x86)\EWSoftware\Sandcastle Help File Builder\PresentationStyles\VS2013\styles\branding-ja-JP.css -&gt; E:\FailCake\Documents\ESCOLA\EDA\eda1314-11243-12927\Documentation\Help\Working\Output\Website\styles\branding-ja-JP.css
C:\Program Files (x86)\EWSoftware\Sandcastle Help File Builder\PresentationStyles\VS2013\styles\branding-ko-KR.css -&gt; E:\FailCake\Documents\ESCOLA\EDA\eda1314-11243-12927\Documentation\Help\Working\Output\Website\styles\branding-ko-KR.css
C:\Program Files (x86)\EWSoftware\Sandcastle Help File Builder\PresentationStyles\VS2013\styles\branding-pl-PL.css -&gt; E:\FailCake\Documents\ESCOLA\EDA\eda1314-11243-12927\Documentation\Help\Working\Output\Website\styles\branding-pl-PL.css
C:\Program Files (x86)\EWSoftware\Sandcastle Help File Builder\PresentationStyles\VS2013\styles\branding-pt-BR.css -&gt; E:\FailCake\Documents\ESCOLA\EDA\eda1314-11243-12927\Documentation\Help\Working\Output\Website\styles\branding-pt-BR.css
C:\Program Files (x86)\EWSoftware\Sandcastle Help File Builder\PresentationStyles\VS2013\styles\branding-ru-RU.css -&gt; E:\FailCake\Documents\ESCOLA\EDA\eda1314-11243-12927\Documentation\Help\Working\Output\Website\styles\branding-ru-RU.css
C:\Program Files (x86)\EWSoftware\Sandcastle Help File Builder\PresentationStyles\VS2013\styles\branding-tr-TR.css -&gt; E:\FailCake\Documents\ESCOLA\EDA\eda1314-11243-12927\Documentation\Help\Working\Output\Website\styles\branding-tr-TR.css
C:\Program Files (x86)\EWSoftware\Sandcastle Help File Builder\PresentationStyles\VS2013\styles\branding-Website.css -&gt; E:\FailCake\Documents\ESCOLA\EDA\eda1314-11243-12927\Documentation\Help\Working\Output\Website\styles\branding-Website.css
C:\Program Files (x86)\EWSoftware\Sandcastle Help File Builder\PresentationStyles\VS2013\styles\branding-zh-CN.css -&gt; E:\FailCake\Documents\ESCOLA\EDA\eda1314-11243-12927\Documentation\Help\Working\Output\Website\styles\branding-zh-CN.css
C:\Program Files (x86)\EWSoftware\Sandcastle Help File Builder\PresentationStyles\VS2013\styles\branding-zh-TW.css -&gt; E:\FailCake\Documents\ESCOLA\EDA\eda1314-11243-12927\Documentation\Help\Working\Output\Website\styles\branding-zh-TW.css
C:\Program Files (x86)\EWSoftware\Sandcastle Help File Builder\PresentationStyles\VS2013\styles\branding.css -&gt; E:\FailCake\Documents\ESCOLA\EDA\eda1314-11243-12927\Documentation\Help\Working\Output\Website\styles\branding.css
C:\Program Files (x86)\EWSoftware\Sandcastle Help File Builder\PresentationStyles\VS2013\Web\index.html -&gt; E:\FailCake\Documents\ESCOLA\EDA\eda1314-11243-12927\Documentation\Help\Working\Output\Website\index.html
C:\Program Files (x86)\EWSoftware\Sandcastle Help File Builder\PresentationStyles\VS2013\Web\search.html -&gt; E:\FailCake\Documents\ESCOLA\EDA\eda1314-11243-12927\Documentation\Help\Working\Output\Website\search.html
C:\Program Files (x86)\EWSoftware\Sandcastle Help File Builder\PresentationStyles\VS2013\Web\SearchHelp.aspx -&gt; E:\FailCake\Documents\ESCOLA\EDA\eda1314-11243-12927\Documentation\Help\Working\Output\Website\SearchHelp.aspx
C:\Program Files (x86)\EWSoftware\Sandcastle Help File Builder\PresentationStyles\VS2013\Web\SearchHelp.inc.php -&gt; E:\FailCake\Documents\ESCOLA\EDA\eda1314-11243-12927\Documentation\Help\Working\Output\Website\SearchHelp.inc.php
C:\Program Files (x86)\EWSoftware\Sandcastle Help File Builder\PresentationStyles\VS2013\Web\SearchHelp.php -&gt; E:\FailCake\Documents\ESCOLA\EDA\eda1314-11243-12927\Documentation\Help\Working\Output\Website\SearchHelp.php
C:\Program Files (x86)\EWSoftware\Sandcastle Help File Builder\PresentationStyles\VS2013\Web\Web.Config -&gt; E:\FailCake\Documents\ESCOLA\EDA\eda1314-11243-12927\Documentation\Help\Working\Output\Website\Web.Config
C:\Program Files (x86)\EWSoftware\Sandcastle Help File Builder\PresentationStyles\VS2013\Web\icons\Search.png -&gt; E:\FailCake\Documents\ESCOLA\EDA\eda1314-11243-12927\Documentation\Help\Working\Output\Website\icons\Search.png
C:\Program Files (x86)\EWSoftware\Sandcastle Help File Builder\PresentationStyles\VS2013\Web\icons\TocClose.gif -&gt; E:\FailCake\Documents\ESCOLA\EDA\eda1314-11243-12927\Documentation\Help\Working\Output\Website\icons\TocClose.gif
C:\Program Files (x86)\EWSoftware\Sandcastle Help File Builder\PresentationStyles\VS2013\Web\icons\TocCollapsed.gif -&gt; E:\FailCake\Documents\ESCOLA\EDA\eda1314-11243-12927\Documentation\Help\Working\Output\Website\icons\TocCollapsed.gif
C:\Program Files (x86)\EWSoftware\Sandcastle Help File Builder\PresentationStyles\VS2013\Web\icons\TocExpanded.gif -&gt; E:\FailCake\Documents\ESCOLA\EDA\eda1314-11243-12927\Documentation\Help\Working\Output\Website\icons\TocExpanded.gif
C:\Program Files (x86)\EWSoftware\Sandcastle Help File Builder\PresentationStyles\VS2013\Web\icons\TocOpen.gif -&gt; E:\FailCake\Documents\ESCOLA\EDA\eda1314-11243-12927\Documentation\Help\Working\Output\Website\icons\TocOpen.gif
C:\Program Files (x86)\EWSoftware\Sandcastle Help File Builder\PresentationStyles\VS2013\Web\scripts\branding-Website.js -&gt; E:\FailCake\Documents\ESCOLA\EDA\eda1314-11243-12927\Documentation\Help\Working\Output\Website\scripts\branding-Website.js
C:\Program Files (x86)\EWSoftware\Sandcastle Help File Builder\PresentationStyles\VS2013\Web\scripts\jquery-1.11.0.min.js -&gt; E:\FailCake\Documents\ESCOLA\EDA\eda1314-11243-12927\Documentation\Help\Working\Output\Website\scripts\jquery-1.11.0.min.js
    Last step completed in 00:00:00.8665
</buildStep>
<buildStep step="GenerateHelpFormatTableOfContents">
Generating website table of contents file...
    Last step completed in 00:00:00.0090
</buildStep>
<buildStep step="GenerateFullTextIndex">
Generating full-text index for the website...

<plugIn name="Lightweight Website Style" behavior="After" priority="1000">
Adding lightweight search and TOC elements to each topic...
</plugIn>    Last step completed in 00:00:03.1175
</buildStep>
<buildStep step="CopyingWebsiteFiles">
Copying website files to output folder...

Copied 100 files
Copied 200 files
Copied 256 files for the website content
    Last step completed in 00:00:01.1155
</buildStep>
<buildStep step="CleanIntermediates">
Removing intermediate files...
    Last step completed in 00:00:00.1884
</buildStep>
<buildStep step="Completed">

Build completed successfully at 06/06/2014 04:26 .  Total time: 00:01:25,0441

</buildStep>
</shfbBuild>
